\BOOKMARK [0][-]{chapter.1}{\376\377\000C\000S\0006\0005\0000\0001\000\040\000S\000p\000r\000i\000n\000g\000\040\0002\0000\0002\0003}{}% 1
\BOOKMARK [1][-]{section.1.1}{\376\377\000T\000o\000\040\000T\000h\000i\000n\000k\000\040\000A\000b\000s\000t\000r\000a\000c\000t\000l\000y}{chapter.1}% 2
\BOOKMARK [2][-]{subsection.1.1.1}{\376\377\000A\000b\000s\000t\000r\000a\000c\000t\000\040\000M\000a\000t\000h\000e\000m\000a\000t\000i\000c\000s}{section.1.1}% 3
\BOOKMARK [2][-]{subsection.1.1.2}{\376\377\000C\000o\000s\000t\000s\000\040\000o\000f\000\040\000C\000o\000n\000c\000r\000e\000t\000e\000n\000e\000s\000s}{section.1.1}% 4
\BOOKMARK [2][-]{subsection.1.1.3}{\376\377\000A\000\040\000P\000a\000t\000h\000\040\000F\000o\000r\000w\000a\000r\000d}{section.1.1}% 5
\BOOKMARK [2][-]{subsection.1.1.4}{\376\377\000T\000h\000e\000\040\000V\000i\000s\000i\000o\000n}{section.1.1}% 6
\BOOKMARK [2][-]{subsection.1.1.5}{\376\377\000T\000h\000i\000s\000\040\000C\000l\000a\000s\000s}{section.1.1}% 7
\BOOKMARK [1][-]{section.1.2}{\376\377\000W\000e\000l\000c\000o\000m\000e\000.\000\040\000O\000v\000e\000r\000v\000i\000e\000w\000.}{chapter.1}% 8
\BOOKMARK [2][-]{subsection.1.2.1}{\376\377\000W\000h\000a\000t\000\040\000d\000o\000e\000s\000\040\000a\000b\000s\000t\000r\000a\000c\000t\000\040\000m\000e\000a\000n\000\040\000h\000e\000r\000e\000?}{section.1.2}% 9
\BOOKMARK [2][-]{subsection.1.2.2}{\376\377\000W\000h\000y\000\040\000a\000b\000s\000t\000r\000a\000c\000t\000\040\000m\000a\000t\000h\000e\000m\000a\000t\000i\000c\000s\000?}{section.1.2}% 10
\BOOKMARK [2][-]{subsection.1.2.3}{\376\377\000W\000h\000a\000t\000\040\000i\000s\000\040\000t\000h\000e\000\040\000p\000o\000i\000n\000t\000?}{section.1.2}% 11
\BOOKMARK [2][-]{subsection.1.2.4}{\376\377\000T\000h\000i\000s\000\040\000c\000l\000a\000s\000s}{section.1.2}% 12
\BOOKMARK [0][-]{chapter.2}{\376\377\000P\000r\000o\000p\000o\000s\000i\000t\000i\000o\000n\000a\000l\000\040\000L\000o\000g\000i\000c}{}% 13
\BOOKMARK [1][-]{section.2.1}{\376\377\000B\000a\000l\000a\000n\000c\000e\000d\000\040\000P\000a\000r\000e\000n\000t\000h\000e\000s\000e\000s}{chapter.2}% 14
\BOOKMARK [2][-]{subsection.2.1.1}{\376\377\000F\000o\000r\000m\000a\000l\000\040\000l\000a\000n\000g\000u\000a\000g\000e\000s}{section.2.1}% 15
\BOOKMARK [2][-]{subsection.2.1.2}{\376\377\000P\000a\000p\000e\000r\000\040\000\046\000\040\000P\000e\000n\000c\000i\000l\000\040\000S\000y\000n\000t\000a\000x}{section.2.1}% 16
\BOOKMARK [2][-]{subsection.2.1.3}{\376\377\000F\000o\000r\000m\000a\000l\000\040\000S\000y\000n\000t\000a\000x}{section.2.1}% 17
\BOOKMARK [2][-]{subsection.2.1.4}{\376\377\000I\000n\000d\000u\000c\000t\000i\000v\000e\000\040\000D\000a\000t\000a\000t\000y\000p\000e\000\040\000D\000e\000f\000i\000n\000i\000t\000i\000o\000n\000s}{section.2.1}% 18
\BOOKMARK [2][-]{subsection.2.1.5}{\376\377\000S\000e\000m\000a\000n\000t\000i\000c\000s}{section.2.1}% 19
\BOOKMARK [1][-]{section.2.2}{\376\377\000S\000i\000m\000p\000l\000i\000f\000i\000e\000d\000\040\000P\000r\000o\000p\000o\000s\000i\000t\000i\000o\000n\000a\000l\000\040\000L\000o\000g\000i\000c}{chapter.2}% 20
\BOOKMARK [2][-]{subsection.2.2.1}{\376\377\000S\000y\000n\000t\000a\000x}{section.2.2}% 21
\BOOKMARK [2][-]{subsection.2.2.2}{\376\377\000S\000e\000m\000a\000n\000t\000i\000c\000s}{section.2.2}% 22
\BOOKMARK [1][-]{section.2.3}{\376\377\000P\000r\000o\000p\000o\000s\000i\000t\000i\000o\000n\000a\000l\000\040\000L\000o\000g\000i\000c}{chapter.2}% 23
\BOOKMARK [2][-]{subsection.2.3.1}{\376\377\000S\000y\000n\000t\000a\000x}{section.2.3}% 24
\BOOKMARK [2][-]{subsection.2.3.2}{\376\377\000S\000e\000m\000a\000n\000t\000i\000c\000s}{section.2.3}% 25
\BOOKMARK [1][-]{section.2.4}{\376\377\000A\000\040\000B\000e\000t\000t\000e\000r\000\040\000S\000p\000e\000c\000i\000f\000i\000c\000a\000t\000i\000o\000n}{chapter.2}% 26
\BOOKMARK [2][-]{subsection.2.4.1}{\376\377\000S\000y\000n\000t\000a\000x}{section.2.4}% 27
\BOOKMARK [2][-]{subsection.2.4.2}{\376\377\000S\000e\000m\000a\000n\000t\000i\000c\000s}{section.2.4}% 28
\BOOKMARK [2][-]{subsection.2.4.3}{\376\377\000E\000x\000p\000l\000o\000r\000a\000t\000i\000o\000n}{section.2.4}% 29
\BOOKMARK [1][-]{section.2.5}{\376\377\000F\000o\000r\000m\000a\000l\000\040\000V\000a\000l\000i\000d\000a\000t\000i\000o\000n}{chapter.2}% 30
\BOOKMARK [2][-]{subsection.2.5.1}{\376\377\000C\000o\000n\000c\000r\000e\000t\000e\000\040\000S\000y\000n\000t\000a\000x\000\040\000/\000\040\000N\000o\000t\000a\000t\000i\000o\000n}{section.2.5}% 31
\BOOKMARK [2][-]{subsection.2.5.2}{\376\377\000S\000e\000m\000a\000n\000t\000i\000c\000s}{section.2.5}% 32
\BOOKMARK [2][-]{subsection.2.5.3}{\376\377\000F\000o\000r\000m\000a\000l\000\040\000V\000a\000l\000i\000d\000a\000t\000i\000o\000n}{section.2.5}% 33
\BOOKMARK [2][-]{subsection.2.5.4}{\376\377\000E\000x\000a\000m\000p\000l\000e\000s}{section.2.5}% 34
\BOOKMARK [2][-]{subsection.2.5.5}{\376\377\000E\000x\000e\000r\000c\000i\000s\000e\000s}{section.2.5}% 35
\BOOKMARK [2][-]{subsection.2.5.6}{\376\377\000S\000o\000l\000u\000t\000i\000o\000n\000s}{section.2.5}% 36
\BOOKMARK [1][-]{section.2.6}{\376\377\000A\000l\000g\000e\000b\000r\000a\000i\000c\000\040\000A\000x\000i\000o\000m\000s}{chapter.2}% 37
\BOOKMARK [2][-]{subsection.2.6.1}{\376\377\000A\000l\000g\000e\000b\000r\000a\000i\000c\000\040\000A\000x\000i\000o\000m\000s}{section.2.6}% 38
\BOOKMARK [2][-]{subsection.2.6.2}{\376\377\000C\000o\000m\000m\000u\000t\000a\000t\000i\000v\000i\000t\000y}{section.2.6}% 39
\BOOKMARK [3][-]{subsubsection*.3}{\376\377\000A\000n\000o\000t\000h\000e\000r\000\040\000N\000o\000t\000a\000t\000i\000o\000n}{subsection.2.6.2}% 40
\BOOKMARK [3][-]{subsubsection*.4}{\376\377\000V\000a\000r\000i\000a\000b\000l\000e\000\040\000D\000e\000c\000l\000a\000r\000a\000t\000i\000o\000n\000s}{subsection.2.6.2}% 41
\BOOKMARK [3][-]{subsubsection*.5}{\376\377\000S\000p\000e\000c\000i\000a\000l\000i\000z\000a\000t\000i\000o\000n\000\040\000o\000f\000\040\000G\000e\000n\000e\000r\000a\000l\000i\000z\000a\000t\000i\000o\000n\000s}{subsection.2.6.2}% 42
\BOOKMARK [2][-]{subsection.2.6.3}{\376\377\000A\000s\000s\000o\000c\000i\000a\000t\000i\000v\000i\000t\000y}{section.2.6}% 43
\BOOKMARK [2][-]{subsection.2.6.4}{\376\377\000D\000i\000s\000t\000r\000i\000b\000u\000t\000i\000v\000i\000t\000y}{section.2.6}% 44
\BOOKMARK [2][-]{subsection.2.6.5}{\376\377\000D\000e\000M\000o\000r\000g\000a\000n\040\031\000s\000\040\000L\000a\000w\000s}{section.2.6}% 45
\BOOKMARK [2][-]{subsection.2.6.6}{\376\377\000N\000e\000g\000a\000t\000i\000o\000n}{section.2.6}% 46
\BOOKMARK [2][-]{subsection.2.6.7}{\376\377\000E\000x\000c\000l\000u\000d\000e\000d\000\040\000M\000i\000d\000d\000l\000e}{section.2.6}% 47
\BOOKMARK [2][-]{subsection.2.6.8}{\376\377\000N\000o\000\040\000C\000o\000n\000t\000r\000a\000d\000i\000c\000t\000i\000o\000n}{section.2.6}% 48
\BOOKMARK [2][-]{subsection.2.6.9}{\376\377\000I\000m\000p\000l\000i\000c\000a\000t\000i\000o\000n}{section.2.6}% 49
\BOOKMARK [2][-]{subsection.2.6.10}{\376\377\000A\000n\000d\000\040\000S\000i\000m\000p\000l\000i\000f\000i\000c\000a\000t\000i\000o\000n}{section.2.6}% 50
\BOOKMARK [2][-]{subsection.2.6.11}{\376\377\000O\000r\000\040\000S\000i\000m\000p\000l\000i\000f\000i\000c\000a\000t\000i\000o\000n}{section.2.6}% 51
\BOOKMARK [2][-]{subsection.2.6.12}{\376\377\000H\000o\000m\000e\000w\000o\000r\000k}{section.2.6}% 52
\BOOKMARK [1][-]{section.2.7}{\376\377\000I\000n\000f\000e\000r\000e\000n\000c\000e\000\040\000R\000u\000l\000e\000s}{chapter.2}% 53
\BOOKMARK [2][-]{subsection.2.7.1}{\376\377\000I\000n\000f\000e\000r\000e\000n\000c\000e\000\040\000R\000u\000l\000e\000s}{section.2.7}% 54
\BOOKMARK [2][-]{subsection.2.7.2}{\376\377\000P\000r\000a\000c\000t\000i\000c\000e}{section.2.7}% 55
\BOOKMARK [1][-]{section.2.8}{\376\377\000I\000n\000f\000e\000r\000e\000n\000c\000e\000\040\000R\000u\000l\000e\000s\000\040\000V\000a\000l\000i\000d\000a\000t\000i\000o\000n}{chapter.2}% 56
\BOOKMARK [2][-]{subsection.2.8.1}{\376\377\000I\000n\000f\000e\000r\000e\000n\000c\000e\000\040\000R\000u\000l\000e\000\040\000S\000t\000a\000t\000e\000m\000e\000n\000t\000s}{section.2.8}% 57
\BOOKMARK [2][-]{subsection.2.8.2}{\376\377\000P\000r\000o\000o\000f\000s}{section.2.8}% 58
\BOOKMARK [0][-]{chapter.3}{\376\377\000C\000o\000n\000s\000t\000r\000u\000c\000t\000i\000v\000e\000\040\000L\000o\000g\000i\000c}{}% 59
\BOOKMARK [1][-]{section.3.1}{\376\377\000H\000i\000g\000h\000e\000r\000-\000O\000r\000d\000e\000r\000\040\000P\000r\000e\000d\000i\000c\000a\000t\000e\000\040\000L\000o\000g\000i\000c}{chapter.3}% 60
\BOOKMARK [1][-]{section.3.2}{\376\377\000P\000r\000o\000p\000o\000s\000i\000t\000i\000o\000n\000s\000\040\000a\000s\000\040\000T\000y\000p\000e\000s}{chapter.3}% 61
\BOOKMARK [2][-]{subsection.3.2.1}{\376\377\000C\000o\000m\000p\000u\000t\000a\000t\000i\000o\000n\000a\000l\000\040\000T\000y\000p\000e\000s}{section.3.2}% 62
\BOOKMARK [2][-]{subsection.3.2.2}{\376\377\000L\000o\000g\000i\000c\000a\000l\000\040\000T\000y\000p\000e\000s\000\040\000\050\000P\000r\000o\000p\000o\000s\000i\000t\000i\000o\000n\000s\000\051}{section.3.2}% 63
\BOOKMARK [2][-]{subsection.3.2.3}{\376\377\000T\000y\000p\000e\000\040\000U\000n\000i\000v\000e\000r\000s\000e\000\040\000L\000e\000v\000e\000l\000s}{section.3.2}% 64
\BOOKMARK [2][-]{subsection.3.2.4}{\376\377\000I\000m\000p\000l\000i\000c\000i\000t\000\040\000A\000r\000g\000u\000m\000e\000n\000t\000s}{section.3.2}% 65
\BOOKMARK [1][-]{section.3.3}{\376\377\000F\000r\000o\000m\000\040\000T\000r\000u\000t\000h\000\040\000t\000o\000\040\000P\000r\000o\000o\000f}{chapter.3}% 66
\BOOKMARK [2][-]{subsection.3.3.1}{\376\377\000P\000r\000a\000c\000t\000i\000c\000e\000\040\000E\000x\000a\000m\000p\000l\000e}{section.3.3}% 67
\BOOKMARK [1][-]{section.3.4}{\376\377\000I\000n\000f\000e\000r\000e\000n\000c\000e\000\040\000R\000u\000l\000e\000s}{chapter.3}% 68
\BOOKMARK [2][-]{subsection.3.4.1}{\376\377\000t\000r\000u\000e\000\040\000\050\042\244\000\051}{section.3.4}% 69
\BOOKMARK [2][-]{subsection.3.4.2}{\376\377\000f\000a\000l\000s\000e}{section.3.4}% 70
\BOOKMARK [2][-]{subsection.3.4.3}{\376\377\000a\000n\000d\000\040\042\047}{section.3.4}% 71
\BOOKMARK [3][-]{subsubsection*.6}{\376\377\000P\000r\000o\000p\000o\000s\000i\000t\000i\000o\000n\000\040\000B\000u\000i\000l\000d\000e\000r\000s}{subsection.3.4.3}% 72
\BOOKMARK [3][-]{subsubsection*.7}{\376\377\000I\000n\000t\000r\000o\000d\000u\000c\000t\000i\000o\000n\000:\000\040\000P\000r\000o\000o\000f\000\040\000C\000o\000n\000s\000t\000r\000u\000c\000t\000o\000r\000s}{subsection.3.4.3}% 73
\BOOKMARK [3][-]{subsubsection*.8}{\376\377\000E\000l\000i\000m\000i\000n\000a\000t\000i\000o\000n\000:\000\040\000C\000a\000s\000e\000\040\000A\000n\000a\000l\000y\000s\000i\000s}{subsection.3.4.3}% 74
\BOOKMARK [2][-]{subsection.3.4.4}{\376\377\000o\000r\000\040\042\050}{section.3.4}% 75
\BOOKMARK [3][-]{subsubsection*.9}{\376\377\000I\000n\000t\000r\000o\000d\000u\000c\000t\000i\000o\000n\000\040\000R\000u\000l\000e\000s}{subsection.3.4.4}% 76
\BOOKMARK [3][-]{subsubsection*.10}{\376\377\000E\000l\000i\000m\000i\000n\000a\000t\000i\000o\000n\000\040\000R\000u\000l\000e\000s}{subsection.3.4.4}% 77
\BOOKMARK [3][-]{subsubsection*.11}{\376\377\000E\000x\000a\000m\000p\000l\000e\000s}{subsection.3.4.4}% 78
\BOOKMARK [2][-]{subsection.3.4.5}{\376\377\000n\000o\000t\000\040\000\050\000\254\000\051}{section.3.4}% 79
\BOOKMARK [3][-]{subsubsection*.12}{\376\377\000I\000n\000t\000r\000o\000d\000u\000c\000t\000i\000o\000n}{subsection.3.4.5}% 80
\BOOKMARK [3][-]{subsubsection*.13}{\376\377\000E\000l\000i\000m\000i\000n\000a\000t\000i\000o\000n}{subsection.3.4.5}% 81
\BOOKMARK [3][-]{subsubsection*.14}{\376\377\000C\000o\000n\000s\000t\000r\000u\000c\000t\000i\000v\000e\000\040\000v\000s\000.\000\040\000C\000l\000a\000s\000s\000i\000c\000a\000l}{subsection.3.4.5}% 82
\BOOKMARK [3][-]{subsubsection*.15}{\376\377\000E\000x\000c\000l\000u\000d\000e\000d\000\040\000M\000i\000d\000d\000l\000e}{subsection.3.4.5}% 83
\BOOKMARK [3][-]{subsubsection*.16}{\376\377\000E\000x\000a\000m\000p\000l\000e\000s}{subsection.3.4.5}% 84
\BOOKMARK [3][-]{subsubsection*.17}{\376\377\000E\000x\000e\000r\000c\000i\000s\000e\000s}{subsection.3.4.5}% 85
\BOOKMARK [2][-]{subsection.3.4.6}{\376\377\000i\000f\000f\000\040\041\224}{section.3.4}% 86
\BOOKMARK [2][-]{subsection.3.4.7}{\376\377\000C\000o\000n\000c\000l\000u\000s\000i\000o\000n}{section.3.4}% 87
\BOOKMARK [0][-]{chapter.4}{\376\377\000R\000e\000c\000u\000r\000s\000i\000v\000e\000\040\000T\000y\000p\000e\000s}{}% 88
\BOOKMARK [1][-]{section.4.1}{\376\377\000I\000n\000t\000r\000o\000d\000u\000c\000t\000i\000o\000n}{chapter.4}% 89
\BOOKMARK [1][-]{section.4.2}{\376\377\000N\000a\000t\000u\000r\000a\000l\000\040\000N\000u\000m\000b\000e\000r\000s}{chapter.4}% 90
\BOOKMARK [1][-]{section.4.3}{\376\377\000P\000o\000l\000y\000m\000o\000r\000p\000h\000i\000c\000\040\000L\000i\000s\000t\000s}{chapter.4}% 91
\BOOKMARK [0][-]{chapter.5}{\376\377\000I\000n\000d\000e\000x}{}% 92
